<?xml version="1.0" encoding="UTF-8"?>
<!-- Generated by org.testng.reporters.JUnitReportReporter -->
<testsuite hostname="DESKTOP-4V8ALNI" name="driverFactory.DriverScript" tests="1" failures="0" timestamp="8 Aug 2022 11:05:25 GMT" time="28.462" errors="0">
  <testcase name="startTest" time="28.462" classname="driverFactory.DriverScript"/>
</testsuite> <!-- driverFactory.DriverScript -->
